{"C:\\Users\\S22767202807\\Downloads\\nlw7\\impulse\\server\\src\\use-cases\\submit-feedback-use-case.ts": {"path":"C:\\Users\\S22767202807\\Downloads\\nlw7\\impulse\\server\\src\\use-cases\\submit-feedback-use-case.ts","all":false,"statementMap":{"0":{"start":{"line":1,"column":0},"end":{"line":1,"column":77}},"1":{"start":{"line":2,"column":0},"end":{"line":2,"column":0}},"2":{"start":{"line":3,"column":0},"end":{"line":3,"column":40}},"3":{"start":{"line":4,"column":0},"end":{"line":4,"column":17}},"4":{"start":{"line":5,"column":0},"end":{"line":5,"column":20}},"5":{"start":{"line":6,"column":0},"end":{"line":6,"column":24}},"6":{"start":{"line":7,"column":0},"end":{"line":7,"column":1}},"7":{"start":{"line":8,"column":0},"end":{"line":8,"column":0}},"8":{"start":{"line":9,"column":0},"end":{"line":9,"column":36}},"9":{"start":{"line":10,"column":0},"end":{"line":10,"column":68}},"10":{"start":{"line":11,"column":0},"end":{"line":11,"column":58}},"11":{"start":{"line":12,"column":0},"end":{"line":12,"column":54}},"12":{"start":{"line":13,"column":0},"end":{"line":13,"column":0}},"13":{"start":{"line":14,"column":0},"end":{"line":14,"column":31}},"14":{"start":{"line":15,"column":0},"end":{"line":15,"column":61}},"15":{"start":{"line":16,"column":0},"end":{"line":16,"column":9}},"16":{"start":{"line":17,"column":0},"end":{"line":17,"column":8}},"17":{"start":{"line":18,"column":0},"end":{"line":18,"column":75}},"18":{"start":{"line":19,"column":0},"end":{"line":19,"column":50}},"19":{"start":{"line":20,"column":0},"end":{"line":20,"column":9}},"20":{"start":{"line":21,"column":0},"end":{"line":21,"column":77}},"21":{"start":{"line":22,"column":0},"end":{"line":22,"column":5}},"22":{"start":{"line":23,"column":0},"end":{"line":23,"column":1}}},"s":{"0":1,"1":1,"2":1,"3":1,"4":1,"5":1,"6":1,"7":1,"8":1,"9":1,"10":1,"11":4,"12":4,"13":4,"14":2,"15":2,"16":2,"17":4,"18":1,"19":1,"20":1,"21":1,"22":1},"branchMap":{"0":{"type":"branch","line":11,"loc":{"start":{"line":11,"column":4},"end":{"line":22,"column":5}},"locations":[{"start":{"line":11,"column":4},"end":{"line":22,"column":5}}]},"1":{"type":"branch","line":14,"loc":{"start":{"line":14,"column":16},"end":{"line":14,"column":28}},"locations":[{"start":{"line":14,"column":16},"end":{"line":14,"column":28}}]},"2":{"type":"branch","line":14,"loc":{"start":{"line":14,"column":30},"end":{"line":18,"column":72}},"locations":[{"start":{"line":14,"column":30},"end":{"line":18,"column":72}}]},"3":{"type":"branch","line":18,"loc":{"start":{"line":18,"column":74},"end":{"line":22,"column":5}},"locations":[{"start":{"line":18,"column":74},"end":{"line":22,"column":5}}]},"4":{"type":"branch","line":10,"loc":{"start":{"line":10,"column":4},"end":{"line":10,"column":68}},"locations":[{"start":{"line":10,"column":4},"end":{"line":10,"column":68}}]}},"b":{"0":[4],"1":[3],"2":[2],"3":[1],"4":[1]},"fnMap":{"0":{"name":"execute","decl":{"start":{"line":11,"column":4},"end":{"line":22,"column":5}},"loc":{"start":{"line":11,"column":4},"end":{"line":22,"column":5}},"line":11},"1":{"name":"SubmitFeedbackUseCase","decl":{"start":{"line":10,"column":4},"end":{"line":10,"column":68}},"loc":{"start":{"line":10,"column":4},"end":{"line":10,"column":68}},"line":10}},"f":{"0":4,"1":1}}
}
